<?xml version="1.0" encoding="UTF-8"?>
<!-- Generated by org.testng.reporters.JUnitXMLReporter -->
<testsuite hostname="DESKTOP-9NH6BU8" ignored="0" name="Free CRM testcases" tests="2" failures="0" timestamp="21 Jul 2018 17:21:54 GMT" time="24.287" errors="0">
  <testcase name="validateTitleTest" time="0.038" classname="com.mercury.qa.testcases.LoginPageTest"/>
  <testcase name="validateFlightFinderTest" time="2.116" classname="com.mercury.qa.testcases.FlightFinderTest"/>
</testsuite> <!-- Free CRM testcases -->
