<?xml version="1.0" encoding="UTF-8"?>
<!-- Generated by org.testng.reporters.JUnitXMLReporter -->
<testsuite hostname="DESKTOP-9NH6BU8" ignored="0" name="Mercury Tours testcases" tests="24" failures="2" timestamp="25 Jul 2018 17:59:02 GMT" time="256.923" errors="0">
  <testcase name="validateTitleTest" time="0.031" classname="com.mercury.qa.testcases.LoginPageTest"/>
  <testcase name="validateSignInLinkPresentTest" time="0.051" classname="com.mercury.qa.testcases.LoginPageTest"/>
  <testcase name="validateRegisterLinkPresentTest" time="0.054" classname="com.mercury.qa.testcases.LoginPageTest"/>
  <testcase name="validateSupportLinkPresentTest" time="0.048" classname="com.mercury.qa.testcases.LoginPageTest"/>
  <testcase name="validateContactLinkPresentTest" time="0.052" classname="com.mercury.qa.testcases.LoginPageTest"/>
  <testcase name="validateHomeLinkPresentTest" time="0.058" classname="com.mercury.qa.testcases.LoginPageTest"/>
  <testcase name="validateFlightsLinkPresentTest" time="0.052" classname="com.mercury.qa.testcases.LoginPageTest"/>
  <testcase name="validateHotelsLinkPresentTest" time="0.053" classname="com.mercury.qa.testcases.LoginPageTest"/>
  <testcase name="validateCarRentalsLinkPresentTest" time="0.053" classname="com.mercury.qa.testcases.LoginPageTest"/>
  <testcase name="validateCruisesLinkPresentTest" time="0.054" classname="com.mercury.qa.testcases.LoginPageTest"/>
  <testcase name="validateDestinationsLinkPresentTest" time="0.043" classname="com.mercury.qa.testcases.LoginPageTest"/>
  <testcase name="validateVacationsLinkPresentTest" time="0.052" classname="com.mercury.qa.testcases.LoginPageTest"/>
  <testcase name="validateLogoPresentTest" time="0.037" classname="com.mercury.qa.testcases.LoginPageTest"/>
  <testcase name="validateClickOnSignInLinkTest" time="1.115" classname="com.mercury.qa.testcases.LoginPageTest"/>
  <testcase name="validateClickOnRegisterLinkTest" time="1.707" classname="com.mercury.qa.testcases.LoginPageTest"/>
  <testcase name="validateClickOnSupportLinkTest" time="0.972" classname="com.mercury.qa.testcases.LoginPageTest">
    <failure type="java.lang.AssertionError" message="expected [Support: Mercury Tours] but found [Under Construction: Mercury Tours]">
      <![CDATA[java.lang.AssertionError: expected [Support: Mercury Tours] but found [Under Construction: Mercury Tours]
at com.mercury.qa.testcases.LoginPageTest.validateClickOnSupportLinkTest(LoginPageTest.java:172)
... Removed 31 stack frames]]>
    </failure>
  </testcase> <!-- validateClickOnSupportLinkTest -->
  <testcase name="validateClickOnContactLinkTest" time="1.066" classname="com.mercury.qa.testcases.LoginPageTest">
    <failure type="java.lang.AssertionError" message="expected [Contact: Mercury Tours] but found [Under Construction: Mercury Tours]">
      <![CDATA[java.lang.AssertionError: expected [Contact: Mercury Tours] but found [Under Construction: Mercury Tours]
at com.mercury.qa.testcases.LoginPageTest.validateClickOnContactLinkTest(LoginPageTest.java:181)
... Removed 31 stack frames]]>
    </failure>
  </testcase> <!-- validateClickOnContactLinkTest -->
  <testcase name="validateInvalidLoginTest" time="2.076" classname="com.mercury.qa.testcases.LoginPageTest"/>
  <testcase name="validateInvalidLoginTest" time="3.274" classname="com.mercury.qa.testcases.LoginPageTest"/>
  <testcase name="validateInvalidLoginTest" time="2.17" classname="com.mercury.qa.testcases.LoginPageTest"/>
  <testcase name="validateValidLoginTest" time="4.78" classname="com.mercury.qa.testcases.LoginPageTest"/>
  <testcase name="validateFlightFinderTest" time="4.239" classname="com.mercury.qa.testcases.FlightFinderTest"/>
  <testcase name="validateDepartReturnFlightSelection" time="2.147" classname="com.mercury.qa.testcases.SelectFlightTest"/>
  <testcase name="validateSummaryTest" time="0.61" classname="com.mercury.qa.testcases.BookFlightTest"/>
</testsuite> <!-- Mercury Tours testcases -->
