<?xml version="1.0" encoding="UTF-8"?>
<!-- Generated by org.testng.reporters.JUnitXMLReporter -->
<testsuite hostname="DESKTOP-9NH6BU8" ignored="1" name="Default test" tests="1" failures="0" timestamp="28 Jul 2018 16:12:00 GMT" time="30.732" errors="0">
  <testcase name="validateFlightBookingTest" time="4.534" classname="com.mercury.qa.testcases.BookFlightTest"/>
  <testcase name="validateSummaryTest" time="0.0" classname="com.mercury.qa.testcases.BookFlightTest">
    <ignored/>
  </testcase> <!-- validateSummaryTest -->
</testsuite> <!-- Default test -->
