<?xml version="1.0" encoding="UTF-8"?>
<testsuite xmlns:xsi="http://www.w3.org/2001/XMLSchema-instance" xsi:noNamespaceSchemaLocation="https://maven.apache.org/surefire/maven-surefire-plugin/xsd/surefire-test-report.xsd" name="TestSuite" time="320.495" tests="31" errors="0" skipped="6" failures="2">
  <properties>
[...]
</properties>
  <testcase name="validateTitleTest" classname="com.mercury.qa.testcases.LoginPageTest" time="0.021"/>
  <testcase name="validateSignInLinkPresentTest" classname="com.mercury.qa.testcases.LoginPageTest" time="0.079"/>
  <testcase name="validateRegisterLinkPresentTest" classname="com.mercury.qa.testcases.LoginPageTest" time="0.053"/>
  <testcase name="validateSupportLinkPresentTest" classname="com.mercury.qa.testcases.LoginPageTest" time="0.073"/>
  <testcase name="validateContactLinkPresentTest" classname="com.mercury.qa.testcases.LoginPageTest" time="0.062"/>
  <testcase name="validateHomeLinkPresentTest" classname="com.mercury.qa.testcases.LoginPageTest" time="0.378"/>
  <testcase name="validateFlightsLinkPresentTest" classname="com.mercury.qa.testcases.LoginPageTest" time="0.08"/>
  <testcase name="validateHotelsLinkPresentTest" classname="com.mercury.qa.testcases.LoginPageTest" time="0.074"/>
  <testcase name="validateCarRentalsLinkPresentTest" classname="com.mercury.qa.testcases.LoginPageTest" time="0.065"/>
  <testcase name="validateCruisesLinkPresentTest" classname="com.mercury.qa.testcases.LoginPageTest" time="0.053"/>
  <testcase name="validateDestinationsLinkPresentTest" classname="com.mercury.qa.testcases.LoginPageTest" time="0.047"/>
  <testcase name="validateVacationsLinkPresentTest" classname="com.mercury.qa.testcases.LoginPageTest" time="0.052"/>
  <testcase name="validateLogoPresentTest" classname="com.mercury.qa.testcases.LoginPageTest" time="0.062"/>
  <testcase name="validateClickOnSignInLinkTest" classname="com.mercury.qa.testcases.LoginPageTest" time="0.791"/>
  <testcase name="validateClickOnRegisterLinkTest" classname="com.mercury.qa.testcases.LoginPageTest" time="1.03"/>
  <testcase name="validateClickOnSupportLinkTest" classname="com.mercury.qa.testcases.LoginPageTest" time="0">
    <skipped message="expected [Support: Mercury Tours] but found [Under Construction: Mercury Tours]"/>
    <system-out><![CDATA[07-29-2018 11:49:55 LoginPageTest.java INFO  [main] pages.LoginPage 223 - Browser closed successfully
07-29-2018 11:49:55 TestBase.java INFO  [main] base.TestBase 45 - Launching chrome browser
07-29-2018 11:49:58 TestBase.java INFO  [main] base.TestBase 48 - Chrome launched successfully
07-29-2018 11:50:02 TestBase.java INFO  [main] base.TestBase 69 - URL launched successfully
07-29-2018 11:50:02 LoginPageTest.java INFO  [main] pages.LoginPage 170 - ******Validate click on support link******
]]></system-out>
    <system-err><![CDATA[Starting ChromeDriver 2.40.565498 (ea082db3280dd6843ebfb08a625e3eb905c4f5ab) on port 44632
Only local connections are allowed.
Jul 29, 2018 11:49:58 AM org.openqa.selenium.remote.ProtocolHandshake createSession
INFO: Detected dialect: OSS
]]></system-err>
  </testcase>
  <testcase name="validateClickOnSupportLinkTest" classname="com.mercury.qa.testcases.LoginPageTest" time="0">
    <skipped message="expected [Support: Mercury Tours] but found [Under Construction: Mercury Tours]"/>
    <system-out><![CDATA[07-29-2018 11:50:04 LoginPageTest.java INFO  [main] pages.LoginPage 223 - Browser closed successfully
07-29-2018 11:50:04 TestBase.java INFO  [main] base.TestBase 45 - Launching chrome browser
07-29-2018 11:50:06 TestBase.java INFO  [main] base.TestBase 48 - Chrome launched successfully
07-29-2018 11:50:10 TestBase.java INFO  [main] base.TestBase 69 - URL launched successfully
07-29-2018 11:50:10 LoginPageTest.java INFO  [main] pages.LoginPage 170 - ******Validate click on support link******
]]></system-out>
    <system-err><![CDATA[Starting ChromeDriver 2.40.565498 (ea082db3280dd6843ebfb08a625e3eb905c4f5ab) on port 39212
Only local connections are allowed.
Jul 29, 2018 11:50:06 AM org.openqa.selenium.remote.ProtocolHandshake createSession
INFO: Detected dialect: OSS
]]></system-err>
  </testcase>
  <testcase name="validateClickOnSupportLinkTest" classname="com.mercury.qa.testcases.LoginPageTest" time="0">
    <skipped message="expected [Support: Mercury Tours] but found [Under Construction: Mercury Tours]"/>
    <system-out><![CDATA[07-29-2018 11:50:12 LoginPageTest.java INFO  [main] pages.LoginPage 223 - Browser closed successfully
07-29-2018 11:50:12 TestBase.java INFO  [main] base.TestBase 45 - Launching chrome browser
07-29-2018 11:50:14 TestBase.java INFO  [main] base.TestBase 48 - Chrome launched successfully
07-29-2018 11:50:18 TestBase.java INFO  [main] base.TestBase 69 - URL launched successfully
07-29-2018 11:50:18 LoginPageTest.java INFO  [main] pages.LoginPage 170 - ******Validate click on support link******
]]></system-out>
    <system-err><![CDATA[Starting ChromeDriver 2.40.565498 (ea082db3280dd6843ebfb08a625e3eb905c4f5ab) on port 47579
Only local connections are allowed.
Jul 29, 2018 11:50:14 AM org.openqa.selenium.remote.ProtocolHandshake createSession
INFO: Detected dialect: OSS
]]></system-err>
  </testcase>
  <testcase name="validateClickOnSupportLinkTest" classname="com.mercury.qa.testcases.LoginPageTest" time="0.936">
    <failure message="expected [Support: Mercury Tours] but found [Under Construction: Mercury Tours]" type="java.lang.AssertionError">java.lang.AssertionError: expected [Support: Mercury Tours] but found [Under Construction: Mercury Tours]
	at com.mercury.qa.testcases.LoginPageTest.validateClickOnSupportLinkTest(LoginPageTest.java:172)
</failure>
    <system-out><![CDATA[07-29-2018 11:50:20 LoginPageTest.java INFO  [main] pages.LoginPage 223 - Browser closed successfully
07-29-2018 11:50:20 TestBase.java INFO  [main] base.TestBase 45 - Launching chrome browser
07-29-2018 11:50:23 TestBase.java INFO  [main] base.TestBase 48 - Chrome launched successfully
07-29-2018 11:50:27 TestBase.java INFO  [main] base.TestBase 69 - URL launched successfully
07-29-2018 11:50:27 LoginPageTest.java INFO  [main] pages.LoginPage 170 - ******Validate click on support link******
]]></system-out>
    <system-err><![CDATA[Starting ChromeDriver 2.40.565498 (ea082db3280dd6843ebfb08a625e3eb905c4f5ab) on port 1350
Only local connections are allowed.
Jul 29, 2018 11:50:23 AM org.openqa.selenium.remote.ProtocolHandshake createSession
INFO: Detected dialect: OSS
]]></system-err>
  </testcase>
  <testcase name="validateClickOnContactLinkTest" classname="com.mercury.qa.testcases.LoginPageTest" time="0">
    <skipped message="expected [Contact: Mercury Tours] but found [Under Construction: Mercury Tours]"/>
    <system-out><![CDATA[07-29-2018 11:50:29 LoginPageTest.java INFO  [main] pages.LoginPage 223 - Browser closed successfully
07-29-2018 11:50:29 TestBase.java INFO  [main] base.TestBase 45 - Launching chrome browser
07-29-2018 11:50:32 TestBase.java INFO  [main] base.TestBase 48 - Chrome launched successfully
07-29-2018 11:50:37 TestBase.java INFO  [main] base.TestBase 69 - URL launched successfully
07-29-2018 11:50:37 LoginPageTest.java INFO  [main] pages.LoginPage 179 - ******Validate click on contacts link******
]]></system-out>
    <system-err><![CDATA[Starting ChromeDriver 2.40.565498 (ea082db3280dd6843ebfb08a625e3eb905c4f5ab) on port 16229
Only local connections are allowed.
Jul 29, 2018 11:50:32 AM org.openqa.selenium.remote.ProtocolHandshake createSession
INFO: Detected dialect: OSS
]]></system-err>
  </testcase>
  <testcase name="validateClickOnContactLinkTest" classname="com.mercury.qa.testcases.LoginPageTest" time="0">
    <skipped message="expected [Contact: Mercury Tours] but found [Under Construction: Mercury Tours]"/>
    <system-out><![CDATA[07-29-2018 11:50:39 LoginPageTest.java INFO  [main] pages.LoginPage 223 - Browser closed successfully
07-29-2018 11:50:39 TestBase.java INFO  [main] base.TestBase 45 - Launching chrome browser
07-29-2018 11:50:42 TestBase.java INFO  [main] base.TestBase 48 - Chrome launched successfully
07-29-2018 11:50:46 TestBase.java INFO  [main] base.TestBase 69 - URL launched successfully
07-29-2018 11:50:46 LoginPageTest.java INFO  [main] pages.LoginPage 179 - ******Validate click on contacts link******
]]></system-out>
    <system-err><![CDATA[Starting ChromeDriver 2.40.565498 (ea082db3280dd6843ebfb08a625e3eb905c4f5ab) on port 36162
Only local connections are allowed.
Jul 29, 2018 11:50:42 AM org.openqa.selenium.remote.ProtocolHandshake createSession
INFO: Detected dialect: OSS
]]></system-err>
  </testcase>
  <testcase name="validateClickOnContactLinkTest" classname="com.mercury.qa.testcases.LoginPageTest" time="0">
    <skipped message="expected [Contact: Mercury Tours] but found [Under Construction: Mercury Tours]"/>
    <system-out><![CDATA[07-29-2018 11:50:48 LoginPageTest.java INFO  [main] pages.LoginPage 223 - Browser closed successfully
07-29-2018 11:50:48 TestBase.java INFO  [main] base.TestBase 45 - Launching chrome browser
07-29-2018 11:50:50 TestBase.java INFO  [main] base.TestBase 48 - Chrome launched successfully
07-29-2018 11:50:54 TestBase.java INFO  [main] base.TestBase 69 - URL launched successfully
07-29-2018 11:50:54 LoginPageTest.java INFO  [main] pages.LoginPage 179 - ******Validate click on contacts link******
]]></system-out>
    <system-err><![CDATA[Starting ChromeDriver 2.40.565498 (ea082db3280dd6843ebfb08a625e3eb905c4f5ab) on port 48141
Only local connections are allowed.
Jul 29, 2018 11:50:50 AM org.openqa.selenium.remote.ProtocolHandshake createSession
INFO: Detected dialect: OSS
]]></system-err>
  </testcase>
  <testcase name="validateClickOnContactLinkTest" classname="com.mercury.qa.testcases.LoginPageTest" time="1.104">
    <failure message="expected [Contact: Mercury Tours] but found [Under Construction: Mercury Tours]" type="java.lang.AssertionError">java.lang.AssertionError: expected [Contact: Mercury Tours] but found [Under Construction: Mercury Tours]
	at com.mercury.qa.testcases.LoginPageTest.validateClickOnContactLinkTest(LoginPageTest.java:181)
</failure>
    <system-out><![CDATA[07-29-2018 11:50:56 LoginPageTest.java INFO  [main] pages.LoginPage 223 - Browser closed successfully
07-29-2018 11:50:56 TestBase.java INFO  [main] base.TestBase 45 - Launching chrome browser
07-29-2018 11:50:58 TestBase.java INFO  [main] base.TestBase 48 - Chrome launched successfully
07-29-2018 11:51:02 TestBase.java INFO  [main] base.TestBase 69 - URL launched successfully
07-29-2018 11:51:02 LoginPageTest.java INFO  [main] pages.LoginPage 179 - ******Validate click on contacts link******
]]></system-out>
    <system-err><![CDATA[Starting ChromeDriver 2.40.565498 (ea082db3280dd6843ebfb08a625e3eb905c4f5ab) on port 8297
Only local connections are allowed.
Jul 29, 2018 11:50:58 AM org.openqa.selenium.remote.ProtocolHandshake createSession
INFO: Detected dialect: OSS
]]></system-err>
  </testcase>
  <testcase name="validateInvalidLoginTest" classname="com.mercury.qa.testcases.LoginPageTest" time="1.881"/>
  <testcase name="validateInvalidLoginTest" classname="com.mercury.qa.testcases.LoginPageTest" time="1.764"/>
  <testcase name="validateInvalidLoginTest" classname="com.mercury.qa.testcases.LoginPageTest" time="2.061"/>
  <testcase name="validateValidLoginTest" classname="com.mercury.qa.testcases.LoginPageTest" time="4.213"/>
  <testcase name="validateFlightFinderTest" classname="com.mercury.qa.testcases.FlightFinderTest" time="3.968"/>
  <testcase name="validateDepartReturnFlightSelection" classname="com.mercury.qa.testcases.SelectFlightTest" time="1.637"/>
  <testcase name="validateSummaryTest" classname="com.mercury.qa.testcases.BookFlightTest" time="0.566"/>
  <testcase name="validateFlightBookingTest" classname="com.mercury.qa.testcases.BookFlightTest" time="4.208"/>
</testsuite>