<?xml version="1.0" encoding="UTF-8"?>
<testng-results skipped="0" failed="2" ignored="0" total="23" passed="21">
  <reporter-output>
  </reporter-output>
  <suite name="Merury Tours Automation Test suite" duration-ms="194242" started-at="2018-07-22T17:42:39Z" finished-at="2018-07-22T17:45:53Z">
    <groups>
    </groups>
    <test name="Mercury Tours testcases" duration-ms="194242" started-at="2018-07-22T17:42:39Z" finished-at="2018-07-22T17:45:53Z">
      <class name="com.mercury.qa.testcases.LoginPageTest">
        <test-method status="PASS" signature="setup()[pri:0, instance:com.mercury.qa.testcases.LoginPageTest@3a5ed7a6]" name="setup" is-config="true" duration-ms="7378" started-at="2018-07-22T17:42:39Z" finished-at="2018-07-22T17:42:46Z">
          <reporter-output>
          </reporter-output>
        </test-method> <!-- setup -->
        <test-method status="PASS" signature="validateTitleTest()[pri:1, instance:com.mercury.qa.testcases.LoginPageTest@3a5ed7a6]" name="validateTitleTest" duration-ms="24" started-at="2018-07-22T17:42:46Z" finished-at="2018-07-22T17:42:46Z">
          <reporter-output>
          </reporter-output>
        </test-method> <!-- validateTitleTest -->
        <test-method status="PASS" signature="tearDown()[pri:0, instance:com.mercury.qa.testcases.LoginPageTest@3a5ed7a6]" name="tearDown" is-config="true" duration-ms="818" started-at="2018-07-22T17:42:46Z" finished-at="2018-07-22T17:42:47Z">
          <reporter-output>
          </reporter-output>
        </test-method> <!-- tearDown -->
        <test-method status="PASS" signature="setup()[pri:0, instance:com.mercury.qa.testcases.LoginPageTest@3a5ed7a6]" name="setup" is-config="true" duration-ms="5901" started-at="2018-07-22T17:42:47Z" finished-at="2018-07-22T17:42:53Z">
          <reporter-output>
          </reporter-output>
        </test-method> <!-- setup -->
        <test-method status="PASS" signature="validateSignInLinkPresentTest()[pri:2, instance:com.mercury.qa.testcases.LoginPageTest@3a5ed7a6]" name="validateSignInLinkPresentTest" duration-ms="57" started-at="2018-07-22T17:42:53Z" finished-at="2018-07-22T17:42:53Z">
          <reporter-output>
          </reporter-output>
        </test-method> <!-- validateSignInLinkPresentTest -->
        <test-method status="PASS" signature="tearDown()[pri:0, instance:com.mercury.qa.testcases.LoginPageTest@3a5ed7a6]" name="tearDown" is-config="true" duration-ms="754" started-at="2018-07-22T17:42:53Z" finished-at="2018-07-22T17:42:54Z">
          <reporter-output>
          </reporter-output>
        </test-method> <!-- tearDown -->
        <test-method status="PASS" signature="setup()[pri:0, instance:com.mercury.qa.testcases.LoginPageTest@3a5ed7a6]" name="setup" is-config="true" duration-ms="6863" started-at="2018-07-22T17:42:54Z" finished-at="2018-07-22T17:43:01Z">
          <reporter-output>
          </reporter-output>
        </test-method> <!-- setup -->
        <test-method status="PASS" signature="validateRegisterLinkPresentTest()[pri:3, instance:com.mercury.qa.testcases.LoginPageTest@3a5ed7a6]" name="validateRegisterLinkPresentTest" duration-ms="41" started-at="2018-07-22T17:43:01Z" finished-at="2018-07-22T17:43:01Z">
          <reporter-output>
          </reporter-output>
        </test-method> <!-- validateRegisterLinkPresentTest -->
        <test-method status="PASS" signature="tearDown()[pri:0, instance:com.mercury.qa.testcases.LoginPageTest@3a5ed7a6]" name="tearDown" is-config="true" duration-ms="730" started-at="2018-07-22T17:43:01Z" finished-at="2018-07-22T17:43:02Z">
          <reporter-output>
          </reporter-output>
        </test-method> <!-- tearDown -->
        <test-method status="PASS" signature="setup()[pri:0, instance:com.mercury.qa.testcases.LoginPageTest@3a5ed7a6]" name="setup" is-config="true" duration-ms="5786" started-at="2018-07-22T17:43:02Z" finished-at="2018-07-22T17:43:07Z">
          <reporter-output>
          </reporter-output>
        </test-method> <!-- setup -->
        <test-method status="PASS" signature="validateSupportLinkPresentTest()[pri:4, instance:com.mercury.qa.testcases.LoginPageTest@3a5ed7a6]" name="validateSupportLinkPresentTest" duration-ms="42" started-at="2018-07-22T17:43:07Z" finished-at="2018-07-22T17:43:07Z">
          <reporter-output>
          </reporter-output>
        </test-method> <!-- validateSupportLinkPresentTest -->
        <test-method status="PASS" signature="tearDown()[pri:0, instance:com.mercury.qa.testcases.LoginPageTest@3a5ed7a6]" name="tearDown" is-config="true" duration-ms="750" started-at="2018-07-22T17:43:07Z" finished-at="2018-07-22T17:43:08Z">
          <reporter-output>
          </reporter-output>
        </test-method> <!-- tearDown -->
        <test-method status="PASS" signature="setup()[pri:0, instance:com.mercury.qa.testcases.LoginPageTest@3a5ed7a6]" name="setup" is-config="true" duration-ms="6322" started-at="2018-07-22T17:43:08Z" finished-at="2018-07-22T17:43:15Z">
          <reporter-output>
          </reporter-output>
        </test-method> <!-- setup -->
        <test-method status="PASS" signature="validateContactLinkPresentTest()[pri:5, instance:com.mercury.qa.testcases.LoginPageTest@3a5ed7a6]" name="validateContactLinkPresentTest" duration-ms="53" started-at="2018-07-22T17:43:15Z" finished-at="2018-07-22T17:43:15Z">
          <reporter-output>
          </reporter-output>
        </test-method> <!-- validateContactLinkPresentTest -->
        <test-method status="PASS" signature="tearDown()[pri:0, instance:com.mercury.qa.testcases.LoginPageTest@3a5ed7a6]" name="tearDown" is-config="true" duration-ms="732" started-at="2018-07-22T17:43:15Z" finished-at="2018-07-22T17:43:15Z">
          <reporter-output>
          </reporter-output>
        </test-method> <!-- tearDown -->
        <test-method status="PASS" signature="setup()[pri:0, instance:com.mercury.qa.testcases.LoginPageTest@3a5ed7a6]" name="setup" is-config="true" duration-ms="6005" started-at="2018-07-22T17:43:15Z" finished-at="2018-07-22T17:43:21Z">
          <reporter-output>
          </reporter-output>
        </test-method> <!-- setup -->
        <test-method status="PASS" signature="validateHomeLinkPresentTest()[pri:6, instance:com.mercury.qa.testcases.LoginPageTest@3a5ed7a6]" name="validateHomeLinkPresentTest" duration-ms="55" started-at="2018-07-22T17:43:21Z" finished-at="2018-07-22T17:43:21Z">
          <reporter-output>
          </reporter-output>
        </test-method> <!-- validateHomeLinkPresentTest -->
        <test-method status="PASS" signature="tearDown()[pri:0, instance:com.mercury.qa.testcases.LoginPageTest@3a5ed7a6]" name="tearDown" is-config="true" duration-ms="803" started-at="2018-07-22T17:43:21Z" finished-at="2018-07-22T17:43:22Z">
          <reporter-output>
          </reporter-output>
        </test-method> <!-- tearDown -->
        <test-method status="PASS" signature="setup()[pri:0, instance:com.mercury.qa.testcases.LoginPageTest@3a5ed7a6]" name="setup" is-config="true" duration-ms="5794" started-at="2018-07-22T17:43:22Z" finished-at="2018-07-22T17:43:28Z">
          <reporter-output>
          </reporter-output>
        </test-method> <!-- setup -->
        <test-method status="PASS" signature="validateFlightsLinkPresentTest()[pri:7, instance:com.mercury.qa.testcases.LoginPageTest@3a5ed7a6]" name="validateFlightsLinkPresentTest" duration-ms="45" started-at="2018-07-22T17:43:28Z" finished-at="2018-07-22T17:43:28Z">
          <reporter-output>
          </reporter-output>
        </test-method> <!-- validateFlightsLinkPresentTest -->
        <test-method status="PASS" signature="tearDown()[pri:0, instance:com.mercury.qa.testcases.LoginPageTest@3a5ed7a6]" name="tearDown" is-config="true" duration-ms="779" started-at="2018-07-22T17:43:28Z" finished-at="2018-07-22T17:43:29Z">
          <reporter-output>
          </reporter-output>
        </test-method> <!-- tearDown -->
        <test-method status="PASS" signature="setup()[pri:0, instance:com.mercury.qa.testcases.LoginPageTest@3a5ed7a6]" name="setup" is-config="true" duration-ms="6086" started-at="2018-07-22T17:43:29Z" finished-at="2018-07-22T17:43:35Z">
          <reporter-output>
          </reporter-output>
        </test-method> <!-- setup -->
        <test-method status="PASS" signature="validateHotelsLinkPresentTest()[pri:8, instance:com.mercury.qa.testcases.LoginPageTest@3a5ed7a6]" name="validateHotelsLinkPresentTest" duration-ms="55" started-at="2018-07-22T17:43:35Z" finished-at="2018-07-22T17:43:35Z">
          <reporter-output>
          </reporter-output>
        </test-method> <!-- validateHotelsLinkPresentTest -->
        <test-method status="PASS" signature="tearDown()[pri:0, instance:com.mercury.qa.testcases.LoginPageTest@3a5ed7a6]" name="tearDown" is-config="true" duration-ms="729" started-at="2018-07-22T17:43:35Z" finished-at="2018-07-22T17:43:36Z">
          <reporter-output>
          </reporter-output>
        </test-method> <!-- tearDown -->
        <test-method status="PASS" signature="setup()[pri:0, instance:com.mercury.qa.testcases.LoginPageTest@3a5ed7a6]" name="setup" is-config="true" duration-ms="5906" started-at="2018-07-22T17:43:36Z" finished-at="2018-07-22T17:43:42Z">
          <reporter-output>
          </reporter-output>
        </test-method> <!-- setup -->
        <test-method status="PASS" signature="validateCarRentalsLinkPresentTest()[pri:9, instance:com.mercury.qa.testcases.LoginPageTest@3a5ed7a6]" name="validateCarRentalsLinkPresentTest" duration-ms="59" started-at="2018-07-22T17:43:42Z" finished-at="2018-07-22T17:43:42Z">
          <reporter-output>
          </reporter-output>
        </test-method> <!-- validateCarRentalsLinkPresentTest -->
        <test-method status="PASS" signature="tearDown()[pri:0, instance:com.mercury.qa.testcases.LoginPageTest@3a5ed7a6]" name="tearDown" is-config="true" duration-ms="896" started-at="2018-07-22T17:43:42Z" finished-at="2018-07-22T17:43:43Z">
          <reporter-output>
          </reporter-output>
        </test-method> <!-- tearDown -->
        <test-method status="PASS" signature="setup()[pri:0, instance:com.mercury.qa.testcases.LoginPageTest@3a5ed7a6]" name="setup" is-config="true" duration-ms="6159" started-at="2018-07-22T17:43:43Z" finished-at="2018-07-22T17:43:49Z">
          <reporter-output>
          </reporter-output>
        </test-method> <!-- setup -->
        <test-method status="PASS" signature="validateCruisesLinkPresentTest()[pri:10, instance:com.mercury.qa.testcases.LoginPageTest@3a5ed7a6]" name="validateCruisesLinkPresentTest" duration-ms="53" started-at="2018-07-22T17:43:49Z" finished-at="2018-07-22T17:43:49Z">
          <reporter-output>
          </reporter-output>
        </test-method> <!-- validateCruisesLinkPresentTest -->
        <test-method status="PASS" signature="tearDown()[pri:0, instance:com.mercury.qa.testcases.LoginPageTest@3a5ed7a6]" name="tearDown" is-config="true" duration-ms="766" started-at="2018-07-22T17:43:49Z" finished-at="2018-07-22T17:43:50Z">
          <reporter-output>
          </reporter-output>
        </test-method> <!-- tearDown -->
        <test-method status="PASS" signature="setup()[pri:0, instance:com.mercury.qa.testcases.LoginPageTest@3a5ed7a6]" name="setup" is-config="true" duration-ms="6064" started-at="2018-07-22T17:43:50Z" finished-at="2018-07-22T17:43:56Z">
          <reporter-output>
          </reporter-output>
        </test-method> <!-- setup -->
        <test-method status="PASS" signature="validateDestinationsLinkPresentTest()[pri:11, instance:com.mercury.qa.testcases.LoginPageTest@3a5ed7a6]" name="validateDestinationsLinkPresentTest" duration-ms="44" started-at="2018-07-22T17:43:56Z" finished-at="2018-07-22T17:43:56Z">
          <reporter-output>
          </reporter-output>
        </test-method> <!-- validateDestinationsLinkPresentTest -->
        <test-method status="PASS" signature="tearDown()[pri:0, instance:com.mercury.qa.testcases.LoginPageTest@3a5ed7a6]" name="tearDown" is-config="true" duration-ms="747" started-at="2018-07-22T17:43:56Z" finished-at="2018-07-22T17:43:56Z">
          <reporter-output>
          </reporter-output>
        </test-method> <!-- tearDown -->
        <test-method status="PASS" signature="setup()[pri:0, instance:com.mercury.qa.testcases.LoginPageTest@3a5ed7a6]" name="setup" is-config="true" duration-ms="6240" started-at="2018-07-22T17:43:56Z" finished-at="2018-07-22T17:44:03Z">
          <reporter-output>
          </reporter-output>
        </test-method> <!-- setup -->
        <test-method status="PASS" signature="validateVacationsLinkPresentTest()[pri:12, instance:com.mercury.qa.testcases.LoginPageTest@3a5ed7a6]" name="validateVacationsLinkPresentTest" duration-ms="52" started-at="2018-07-22T17:44:03Z" finished-at="2018-07-22T17:44:03Z">
          <reporter-output>
          </reporter-output>
        </test-method> <!-- validateVacationsLinkPresentTest -->
        <test-method status="PASS" signature="tearDown()[pri:0, instance:com.mercury.qa.testcases.LoginPageTest@3a5ed7a6]" name="tearDown" is-config="true" duration-ms="747" started-at="2018-07-22T17:44:03Z" finished-at="2018-07-22T17:44:03Z">
          <reporter-output>
          </reporter-output>
        </test-method> <!-- tearDown -->
        <test-method status="PASS" signature="setup()[pri:0, instance:com.mercury.qa.testcases.LoginPageTest@3a5ed7a6]" name="setup" is-config="true" duration-ms="6007" started-at="2018-07-22T17:44:03Z" finished-at="2018-07-22T17:44:09Z">
          <reporter-output>
          </reporter-output>
        </test-method> <!-- setup -->
        <test-method status="PASS" signature="validateLogoPresentTest()[pri:13, instance:com.mercury.qa.testcases.LoginPageTest@3a5ed7a6]" name="validateLogoPresentTest" duration-ms="40" started-at="2018-07-22T17:44:09Z" finished-at="2018-07-22T17:44:09Z">
          <reporter-output>
          </reporter-output>
        </test-method> <!-- validateLogoPresentTest -->
        <test-method status="PASS" signature="tearDown()[pri:0, instance:com.mercury.qa.testcases.LoginPageTest@3a5ed7a6]" name="tearDown" is-config="true" duration-ms="748" started-at="2018-07-22T17:44:09Z" finished-at="2018-07-22T17:44:10Z">
          <reporter-output>
          </reporter-output>
        </test-method> <!-- tearDown -->
        <test-method status="PASS" signature="setup()[pri:0, instance:com.mercury.qa.testcases.LoginPageTest@3a5ed7a6]" name="setup" is-config="true" duration-ms="6046" started-at="2018-07-22T17:44:10Z" finished-at="2018-07-22T17:44:16Z">
          <reporter-output>
          </reporter-output>
        </test-method> <!-- setup -->
        <test-method status="PASS" signature="validateClickOnSignInLinkTest()[pri:14, instance:com.mercury.qa.testcases.LoginPageTest@3a5ed7a6]" name="validateClickOnSignInLinkTest" duration-ms="914" started-at="2018-07-22T17:44:16Z" finished-at="2018-07-22T17:44:17Z">
          <reporter-output>
          </reporter-output>
        </test-method> <!-- validateClickOnSignInLinkTest -->
        <test-method status="PASS" signature="tearDown()[pri:0, instance:com.mercury.qa.testcases.LoginPageTest@3a5ed7a6]" name="tearDown" is-config="true" duration-ms="971" started-at="2018-07-22T17:44:17Z" finished-at="2018-07-22T17:44:18Z">
          <reporter-output>
          </reporter-output>
        </test-method> <!-- tearDown -->
        <test-method status="PASS" signature="setup()[pri:0, instance:com.mercury.qa.testcases.LoginPageTest@3a5ed7a6]" name="setup" is-config="true" duration-ms="5965" started-at="2018-07-22T17:44:18Z" finished-at="2018-07-22T17:44:24Z">
          <reporter-output>
          </reporter-output>
        </test-method> <!-- setup -->
        <test-method status="PASS" signature="validateClickOnRegisterLinkTest()[pri:15, instance:com.mercury.qa.testcases.LoginPageTest@3a5ed7a6]" name="validateClickOnRegisterLinkTest" duration-ms="1227" started-at="2018-07-22T17:44:24Z" finished-at="2018-07-22T17:44:25Z">
          <reporter-output>
          </reporter-output>
        </test-method> <!-- validateClickOnRegisterLinkTest -->
        <test-method status="PASS" signature="tearDown()[pri:0, instance:com.mercury.qa.testcases.LoginPageTest@3a5ed7a6]" name="tearDown" is-config="true" duration-ms="743" started-at="2018-07-22T17:44:25Z" finished-at="2018-07-22T17:44:26Z">
          <reporter-output>
          </reporter-output>
        </test-method> <!-- tearDown -->
        <test-method status="PASS" signature="setup()[pri:0, instance:com.mercury.qa.testcases.LoginPageTest@3a5ed7a6]" name="setup" is-config="true" duration-ms="6251" started-at="2018-07-22T17:44:26Z" finished-at="2018-07-22T17:44:32Z">
          <reporter-output>
          </reporter-output>
        </test-method> <!-- setup -->
        <test-method status="FAIL" signature="validateClickOnSupportLinkTest()[pri:16, instance:com.mercury.qa.testcases.LoginPageTest@3a5ed7a6]" name="validateClickOnSupportLinkTest" duration-ms="859" started-at="2018-07-22T17:44:32Z" finished-at="2018-07-22T17:44:33Z">
          <exception class="java.lang.AssertionError">
            <message>
              <![CDATA[expected [Support: Mercury Tours] but found [Under Construction: Mercury Tours]]]>
            </message>
            <full-stacktrace>
              <![CDATA[java.lang.AssertionError: expected [Support: Mercury Tours] but found [Under Construction: Mercury Tours]
at org.testng.Assert.fail(Assert.java:96)
at org.testng.Assert.failNotEquals(Assert.java:776)
at org.testng.Assert.assertEqualsImpl(Assert.java:137)
at org.testng.Assert.assertEquals(Assert.java:118)
at org.testng.Assert.assertEquals(Assert.java:453)
at org.testng.Assert.assertEquals(Assert.java:463)
at com.mercury.qa.testcases.LoginPageTest.validateClickOnSupportLinkTest(LoginPageTest.java:172)
at sun.reflect.NativeMethodAccessorImpl.invoke0(Native Method)
at sun.reflect.NativeMethodAccessorImpl.invoke(Unknown Source)
at sun.reflect.DelegatingMethodAccessorImpl.invoke(Unknown Source)
at java.lang.reflect.Method.invoke(Unknown Source)
at org.testng.internal.MethodInvocationHelper.invokeMethod(MethodInvocationHelper.java:124)
at org.testng.internal.Invoker.invokeMethod(Invoker.java:583)
at org.testng.internal.Invoker.invokeTestMethod(Invoker.java:719)
at org.testng.internal.Invoker.invokeTestMethods(Invoker.java:989)
at org.testng.internal.TestMethodWorker.invokeTestMethods(TestMethodWorker.java:125)
at org.testng.internal.TestMethodWorker.run(TestMethodWorker.java:109)
at org.testng.TestRunner.privateRun(TestRunner.java:648)
at org.testng.TestRunner.run(TestRunner.java:505)
at org.testng.SuiteRunner.runTest(SuiteRunner.java:455)
at org.testng.SuiteRunner.runSequentially(SuiteRunner.java:450)
at org.testng.SuiteRunner.privateRun(SuiteRunner.java:415)
at org.testng.SuiteRunner.run(SuiteRunner.java:364)
at org.testng.SuiteRunnerWorker.runSuite(SuiteRunnerWorker.java:52)
at org.testng.SuiteRunnerWorker.run(SuiteRunnerWorker.java:84)
at org.testng.TestNG.runSuitesSequentially(TestNG.java:1208)
at org.testng.TestNG.runSuitesLocally(TestNG.java:1137)
at org.testng.TestNG.runSuites(TestNG.java:1049)
at org.testng.TestNG.run(TestNG.java:1017)
at org.testng.remote.AbstractRemoteTestNG.run(AbstractRemoteTestNG.java:114)
at org.testng.remote.RemoteTestNG.initAndRun(RemoteTestNG.java:251)
at org.testng.remote.RemoteTestNG.main(RemoteTestNG.java:77)
]]>
            </full-stacktrace>
          </exception> <!-- java.lang.AssertionError -->
          <reporter-output>
          </reporter-output>
        </test-method> <!-- validateClickOnSupportLinkTest -->
        <test-method status="PASS" signature="tearDown()[pri:0, instance:com.mercury.qa.testcases.LoginPageTest@3a5ed7a6]" name="tearDown" is-config="true" duration-ms="755" started-at="2018-07-22T17:44:33Z" finished-at="2018-07-22T17:44:34Z">
          <reporter-output>
          </reporter-output>
        </test-method> <!-- tearDown -->
        <test-method status="PASS" signature="setup()[pri:0, instance:com.mercury.qa.testcases.LoginPageTest@3a5ed7a6]" name="setup" is-config="true" duration-ms="6501" started-at="2018-07-22T17:44:34Z" finished-at="2018-07-22T17:44:40Z">
          <reporter-output>
          </reporter-output>
        </test-method> <!-- setup -->
        <test-method status="FAIL" signature="validateClickOnContactLinkTest()[pri:17, instance:com.mercury.qa.testcases.LoginPageTest@3a5ed7a6]" name="validateClickOnContactLinkTest" duration-ms="909" started-at="2018-07-22T17:44:40Z" finished-at="2018-07-22T17:44:41Z">
          <exception class="java.lang.AssertionError">
            <message>
              <![CDATA[expected [Contact: Mercury Tours] but found [Under Construction: Mercury Tours]]]>
            </message>
            <full-stacktrace>
              <![CDATA[java.lang.AssertionError: expected [Contact: Mercury Tours] but found [Under Construction: Mercury Tours]
at org.testng.Assert.fail(Assert.java:96)
at org.testng.Assert.failNotEquals(Assert.java:776)
at org.testng.Assert.assertEqualsImpl(Assert.java:137)
at org.testng.Assert.assertEquals(Assert.java:118)
at org.testng.Assert.assertEquals(Assert.java:453)
at org.testng.Assert.assertEquals(Assert.java:463)
at com.mercury.qa.testcases.LoginPageTest.validateClickOnContactLinkTest(LoginPageTest.java:181)
at sun.reflect.NativeMethodAccessorImpl.invoke0(Native Method)
at sun.reflect.NativeMethodAccessorImpl.invoke(Unknown Source)
at sun.reflect.DelegatingMethodAccessorImpl.invoke(Unknown Source)
at java.lang.reflect.Method.invoke(Unknown Source)
at org.testng.internal.MethodInvocationHelper.invokeMethod(MethodInvocationHelper.java:124)
at org.testng.internal.Invoker.invokeMethod(Invoker.java:583)
at org.testng.internal.Invoker.invokeTestMethod(Invoker.java:719)
at org.testng.internal.Invoker.invokeTestMethods(Invoker.java:989)
at org.testng.internal.TestMethodWorker.invokeTestMethods(TestMethodWorker.java:125)
at org.testng.internal.TestMethodWorker.run(TestMethodWorker.java:109)
at org.testng.TestRunner.privateRun(TestRunner.java:648)
at org.testng.TestRunner.run(TestRunner.java:505)
at org.testng.SuiteRunner.runTest(SuiteRunner.java:455)
at org.testng.SuiteRunner.runSequentially(SuiteRunner.java:450)
at org.testng.SuiteRunner.privateRun(SuiteRunner.java:415)
at org.testng.SuiteRunner.run(SuiteRunner.java:364)
at org.testng.SuiteRunnerWorker.runSuite(SuiteRunnerWorker.java:52)
at org.testng.SuiteRunnerWorker.run(SuiteRunnerWorker.java:84)
at org.testng.TestNG.runSuitesSequentially(TestNG.java:1208)
at org.testng.TestNG.runSuitesLocally(TestNG.java:1137)
at org.testng.TestNG.runSuites(TestNG.java:1049)
at org.testng.TestNG.run(TestNG.java:1017)
at org.testng.remote.AbstractRemoteTestNG.run(AbstractRemoteTestNG.java:114)
at org.testng.remote.RemoteTestNG.initAndRun(RemoteTestNG.java:251)
at org.testng.remote.RemoteTestNG.main(RemoteTestNG.java:77)
]]>
            </full-stacktrace>
          </exception> <!-- java.lang.AssertionError -->
          <reporter-output>
          </reporter-output>
        </test-method> <!-- validateClickOnContactLinkTest -->
        <test-method status="PASS" signature="tearDown()[pri:0, instance:com.mercury.qa.testcases.LoginPageTest@3a5ed7a6]" name="tearDown" is-config="true" duration-ms="719" started-at="2018-07-22T17:44:41Z" finished-at="2018-07-22T17:44:42Z">
          <reporter-output>
          </reporter-output>
        </test-method> <!-- tearDown -->
        <test-method status="PASS" signature="setup()[pri:0, instance:com.mercury.qa.testcases.LoginPageTest@3a5ed7a6]" name="setup" is-config="true" duration-ms="6487" started-at="2018-07-22T17:44:43Z" finished-at="2018-07-22T17:44:49Z">
          <reporter-output>
          </reporter-output>
        </test-method> <!-- setup -->
        <test-method status="PASS" signature="validateInvalidLoginTest(java.lang.String, java.lang.String)[pri:18, instance:com.mercury.qa.testcases.LoginPageTest@3a5ed7a6]" name="validateInvalidLoginTest" duration-ms="2187" started-at="2018-07-22T17:44:49Z" data-provider="invalidtestdata" finished-at="2018-07-22T17:44:51Z">
          <params>
            <param index="0">
              <value>
                <![CDATA[Arun]]>
              </value>
            </param>
            <param index="1">
              <value>
                <![CDATA[Mammen]]>
              </value>
            </param>
          </params>
          <reporter-output>
          </reporter-output>
        </test-method> <!-- validateInvalidLoginTest -->
        <test-method status="PASS" signature="tearDown()[pri:0, instance:com.mercury.qa.testcases.LoginPageTest@3a5ed7a6]" name="tearDown" is-config="true" duration-ms="720" started-at="2018-07-22T17:44:51Z" finished-at="2018-07-22T17:44:52Z">
          <reporter-output>
          </reporter-output>
        </test-method> <!-- tearDown -->
        <test-method status="PASS" signature="setup()[pri:0, instance:com.mercury.qa.testcases.LoginPageTest@3a5ed7a6]" name="setup" is-config="true" duration-ms="5883" started-at="2018-07-22T17:44:52Z" finished-at="2018-07-22T17:44:58Z">
          <reporter-output>
          </reporter-output>
        </test-method> <!-- setup -->
        <test-method status="PASS" signature="validateInvalidLoginTest(java.lang.String, java.lang.String)[pri:18, instance:com.mercury.qa.testcases.LoginPageTest@3a5ed7a6]" name="validateInvalidLoginTest" duration-ms="2009" started-at="2018-07-22T17:44:58Z" data-provider="invalidtestdata" finished-at="2018-07-22T17:45:00Z">
          <params>
            <param index="0">
              <value>
                <![CDATA[Leena]]>
              </value>
            </param>
            <param index="1">
              <value>
                <![CDATA[Mathew]]>
              </value>
            </param>
          </params>
          <reporter-output>
          </reporter-output>
        </test-method> <!-- validateInvalidLoginTest -->
        <test-method status="PASS" signature="tearDown()[pri:0, instance:com.mercury.qa.testcases.LoginPageTest@3a5ed7a6]" name="tearDown" is-config="true" duration-ms="729" started-at="2018-07-22T17:45:00Z" finished-at="2018-07-22T17:45:01Z">
          <reporter-output>
          </reporter-output>
        </test-method> <!-- tearDown -->
        <test-method status="PASS" signature="setup()[pri:0, instance:com.mercury.qa.testcases.LoginPageTest@3a5ed7a6]" name="setup" is-config="true" duration-ms="6220" started-at="2018-07-22T17:45:01Z" finished-at="2018-07-22T17:45:07Z">
          <reporter-output>
          </reporter-output>
        </test-method> <!-- setup -->
        <test-method status="PASS" signature="validateInvalidLoginTest(java.lang.String, java.lang.String)[pri:18, instance:com.mercury.qa.testcases.LoginPageTest@3a5ed7a6]" name="validateInvalidLoginTest" duration-ms="2174" started-at="2018-07-22T17:45:07Z" data-provider="invalidtestdata" finished-at="2018-07-22T17:45:09Z">
          <params>
            <param index="0">
              <value>
                <![CDATA[admin]]>
              </value>
            </param>
            <param index="1">
              <value>
                <![CDATA[admin]]>
              </value>
            </param>
          </params>
          <reporter-output>
          </reporter-output>
        </test-method> <!-- validateInvalidLoginTest -->
        <test-method status="PASS" signature="tearDown()[pri:0, instance:com.mercury.qa.testcases.LoginPageTest@3a5ed7a6]" name="tearDown" is-config="true" duration-ms="744" started-at="2018-07-22T17:45:09Z" finished-at="2018-07-22T17:45:10Z">
          <reporter-output>
          </reporter-output>
        </test-method> <!-- tearDown -->
        <test-method status="PASS" signature="setup()[pri:0, instance:com.mercury.qa.testcases.LoginPageTest@3a5ed7a6]" name="setup" is-config="true" duration-ms="6411" started-at="2018-07-22T17:45:10Z" finished-at="2018-07-22T17:45:16Z">
          <reporter-output>
          </reporter-output>
        </test-method> <!-- setup -->
        <test-method status="PASS" signature="validateValidLoginTest(java.lang.String, java.lang.String)[pri:19, instance:com.mercury.qa.testcases.LoginPageTest@3a5ed7a6]" name="validateValidLoginTest" duration-ms="4567" started-at="2018-07-22T17:45:16Z" data-provider="validtestdata" finished-at="2018-07-22T17:45:21Z">
          <params>
            <param index="0">
              <value>
                <![CDATA[mercury]]>
              </value>
            </param>
            <param index="1">
              <value>
                <![CDATA[mercury]]>
              </value>
            </param>
          </params>
          <reporter-output>
          </reporter-output>
        </test-method> <!-- validateValidLoginTest -->
        <test-method status="PASS" signature="tearDown()[pri:0, instance:com.mercury.qa.testcases.LoginPageTest@3a5ed7a6]" name="tearDown" is-config="true" duration-ms="715" started-at="2018-07-22T17:45:21Z" finished-at="2018-07-22T17:45:22Z">
          <reporter-output>
          </reporter-output>
        </test-method> <!-- tearDown -->
      </class> <!-- com.mercury.qa.testcases.LoginPageTest -->
      <class name="com.mercury.qa.testcases.FlightFinderTest">
        <test-method status="PASS" signature="setup()[pri:0, instance:com.mercury.qa.testcases.FlightFinderTest@6325a3ee]" name="setup" is-config="true" duration-ms="11992" started-at="2018-07-22T17:45:22Z" finished-at="2018-07-22T17:45:34Z">
          <reporter-output>
          </reporter-output>
        </test-method> <!-- setup -->
        <test-method status="PASS" signature="validateFlightFinderTest()[pri:20, instance:com.mercury.qa.testcases.FlightFinderTest@6325a3ee]" name="validateFlightFinderTest" duration-ms="2206" started-at="2018-07-22T17:45:34Z" finished-at="2018-07-22T17:45:36Z">
          <reporter-output>
          </reporter-output>
        </test-method> <!-- validateFlightFinderTest -->
        <test-method status="PASS" signature="tearDown()[pri:0, instance:com.mercury.qa.testcases.FlightFinderTest@6325a3ee]" name="tearDown" is-config="true" duration-ms="731" started-at="2018-07-22T17:45:36Z" finished-at="2018-07-22T17:45:37Z">
          <reporter-output>
          </reporter-output>
        </test-method> <!-- tearDown -->
      </class> <!-- com.mercury.qa.testcases.FlightFinderTest -->
      <class name="com.mercury.qa.testcases.SelectFlightTest">
        <test-method status="PASS" signature="setup()[pri:0, instance:com.mercury.qa.testcases.SelectFlightTest@1d16f93d]" name="setup" is-config="true" duration-ms="13869" started-at="2018-07-22T17:45:37Z" finished-at="2018-07-22T17:45:50Z">
          <reporter-output>
          </reporter-output>
        </test-method> <!-- setup -->
        <test-method status="PASS" signature="validateDepartReturnFlightSelection()[pri:21, instance:com.mercury.qa.testcases.SelectFlightTest@1d16f93d]" name="validateDepartReturnFlightSelection" duration-ms="1996" started-at="2018-07-22T17:45:50Z" finished-at="2018-07-22T17:45:52Z">
          <reporter-output>
          </reporter-output>
        </test-method> <!-- validateDepartReturnFlightSelection -->
        <test-method status="PASS" signature="teardown()[pri:0, instance:com.mercury.qa.testcases.SelectFlightTest@1d16f93d]" name="teardown" is-config="true" duration-ms="807" started-at="2018-07-22T17:45:52Z" finished-at="2018-07-22T17:45:53Z">
          <reporter-output>
          </reporter-output>
        </test-method> <!-- teardown -->
      </class> <!-- com.mercury.qa.testcases.SelectFlightTest -->
    </test> <!-- Mercury Tours testcases -->
  </suite> <!-- Merury Tours Automation Test suite -->
</testng-results>
